\BOOKMARK [1][-]{section.1}{\376\377\000C\000o\000n\000c\000e\000p\000t\000o\000s\000\040\000g\000e\000n\000e\000r\000a\000l\000e\000s}{}% 1
\BOOKMARK [2][-]{subsection.1.1}{\376\377\000D\000e\000f\000i\000n\000i\000c\000i\000\363\000n\000\040\000d\000e\000\040\000u\000n\000\040\000f\000l\000u\000i\000d\000o}{section.1}% 2
\BOOKMARK [2][-]{subsection.1.2}{\376\377\000E\000c\000u\000a\000c\000i\000\363\000n\000\040\000d\000e\000\040\000N\000e\000w\000t\000o\000n\000\040\000p\000a\000r\000a\000\040\000l\000o\000s\000\040\000f\000l\000u\000i\000d\000o\000s}{section.1}% 3
\BOOKMARK [3][-]{subsubsection.1.2.1}{\376\377\000F\000l\000u\000i\000d\000o\000s\000\040\000n\000e\000w\000t\000o\000n\000i\000a\000n\000o\000s}{subsection.1.2}% 4
\BOOKMARK [3][-]{subsubsection.1.2.2}{\376\377\000F\000l\000u\000i\000d\000o\000s\000\040\000i\000d\000e\000a\000l\000e\000s}{subsection.1.2}% 5
\BOOKMARK [2][-]{subsection.1.3}{\376\377\000V\000i\000s\000c\000o\000s\000i\000d\000a\000d}{section.1}% 6
\BOOKMARK [3][-]{subsubsection.1.3.1}{\376\377\000V\000i\000s\000c\000o\000s\000i\000d\000a\000d\000\040\000a\000b\000s\000o\000l\000u\000t\000a\000\040\000o\000\040\000d\000i\000n\000\341\000m\000i\000c\000a\000\040}{subsection.1.3}% 7
\BOOKMARK [3][-]{subsubsection.1.3.2}{\376\377\000V\000i\000s\000c\000o\000s\000i\000d\000a\000d\000\040\000c\000i\000n\000e\000m\000\341\000t\000i\000c\000a\000\040\000v}{subsection.1.3}% 8
\BOOKMARK [2][-]{subsection.1.4}{\376\377\000C\000o\000m\000p\000r\000e\000s\000i\000b\000i\000l\000i\000d\000a\000d\000\040\000y\000\040\000t\000e\000n\000s\000i\000\363\000n\000\040\000s\000u\000p\000e\000r\000f\000i\000c\000i\000a\000l}{section.1}% 9
\BOOKMARK [3][-]{subsubsection.1.4.1}{\376\377\000C\000o\000m\000p\000r\000e\000s\000i\000b\000i\000l\000i\000d\000a\000d}{subsection.1.4}% 10
\BOOKMARK [3][-]{subsubsection.1.4.2}{\376\377\000T\000e\000n\000s\000i\000\363\000n\000\040\000s\000u\000p\000e\000r\000f\000i\000c\000i\000a\000l}{subsection.1.4}% 11
\BOOKMARK [2][-]{subsection.1.5}{\376\377\000P\000r\000e\000s\000i\000\363\000n\000\040\000d\000e\000\040\000v\000a\000p\000o\000r}{section.1}% 12
\BOOKMARK [1][-]{section.2}{\376\377\000E\000s\000t\000\341\000t\000i\000c\000a\000\040\000d\000e\000\040\000l\000o\000s\000\040\000f\000l\000u\000i\000d\000o\000s}{}% 13
\BOOKMARK [2][-]{subsection.2.1}{\376\377\000P\000r\000e\000s\000i\000\363\000n\000\040\000e\000n\000\040\000e\000l\000\040\000s\000e\000n\000o\000\040\000d\000e\000\040\000l\000o\000s\000\040\000f\000l\000u\000i\000d\000o\000s}{section.2}% 14
\BOOKMARK [3][-]{subsubsection.2.1.1}{\376\377\000P\000r\000e\000s\000i\000\363\000n\000\040\000e\000n\000\040\000u\000n\000\040\000p\000u\000n\000t\000o}{subsection.2.1}% 15
\BOOKMARK [3][-]{subsubsection.2.1.2}{\376\377\000V\000a\000r\000i\000a\000c\000i\000\363\000n\000\040\000d\000e\000\040\000p\000r\000e\000s\000i\000\363\000n}{subsection.2.1}% 16
\BOOKMARK [2][-]{subsection.2.2}{\376\377\000E\000c\000u\000a\000c\000i\000o\000n\000e\000s\000\040\000f\000u\000n\000d\000a\000m\000e\000n\000t\000a\000l\000e\000s}{section.2}% 17
\BOOKMARK [2][-]{subsection.2.3}{\376\377\000M\000a\000n\000\363\000m\000e\000t\000r\000o\000s}{section.2}% 18
\BOOKMARK [2][-]{subsection.2.4}{\376\377\000F\000u\000e\000r\000z\000a\000s\000\040\000s\000o\000b\000r\000e\000\040\000s\000u\000p\000e\000r\000f\000i\000c\000i\000e\000s}{section.2}% 19
\BOOKMARK [2][-]{subsection.2.5}{\376\377\000C\000u\000e\000r\000p\000o\000s\000\040\000s\000u\000m\000e\000r\000g\000i\000d\000o\000s}{section.2}% 20
\BOOKMARK [3][-]{subsubsection.2.5.1}{\376\377\000E\000m\000p\000u\000j\000e\000\040\000d\000e\000\040\000f\000l\000o\000t\000a\000c\000i\000\363\000n}{subsection.2.5}% 21
\BOOKMARK [3][-]{subsubsection.2.5.2}{\376\377\000E\000s\000t\000a\000b\000i\000l\000i\000d\000a\000d\000\040\000d\000e\000\040\000f\000l\000o\000t\000a\000c\000i\000\363\000n}{subsection.2.5}% 22
\BOOKMARK [2][-]{subsection.2.6}{\376\377\000E\000q\000u\000i\000l\000i\000b\000r\000i\000o\000\040\000r\000e\000l\000a\000t\000i\000v\000o}{section.2}% 23
